This file contains any messages produced by compilers while
running configure, to aid debugging if configure makes a mistake.

It was created by Phidget21 C Library configure 2.1.8.20150410, which was
generated by GNU Autoconf 2.69.  Invocation command line was

  $ ./configure 

## --------- ##
## Platform. ##
## --------- ##

hostname = pi
uname -m = armv7l
uname -r = 3.18.0-trunk-rpi2
uname -s = Linux
uname -v = #1 SMP PREEMPT Debian 3.18.5-1~exp1+rpi19 (2015-08-08)

/usr/bin/uname -p = unknown
/bin/uname -X     = unknown

/bin/arch              = unknown
/usr/bin/arch -k       = unknown
/usr/convex/getsysinfo = unknown
/usr/bin/hostinfo      = unknown
/bin/machine           = unknown
/usr/bin/oslevel       = unknown
/bin/universe          = unknown

PATH: /usr/local/sbin
PATH: /usr/local/bin
PATH: /usr/sbin
PATH: /usr/bin
PATH: /sbin
PATH: /bin


## ----------- ##
## Core tests. ##
## ----------- ##

configure:2198: checking for a BSD-compatible install
configure:2266: result: /usr/bin/install -c
configure:2277: checking whether build environment is sane
configure:2332: result: yes
configure:2483: checking for a thread-safe mkdir -p
configure:2522: result: /bin/mkdir -p
configure:2529: checking for gawk
configure:2559: result: no
configure:2529: checking for mawk
configure:2545: found /usr/bin/mawk
configure:2556: result: mawk
configure:2567: checking whether make sets $(MAKE)
configure:2589: result: yes
configure:2618: checking whether make supports nested variables
configure:2635: result: yes
configure:2790: checking build system type
configure:2804: result: armv7l-unknown-linux-gnueabihf
configure:2824: checking host system type
configure:2837: result: armv7l-unknown-linux-gnueabihf
configure:2878: checking how to print strings
configure:2905: result: printf
configure:2938: checking for style of include used by make
configure:2966: result: GNU
configure:3037: checking for gcc
configure:3053: found /usr/bin/gcc
configure:3064: result: gcc
configure:3293: checking for C compiler version
configure:3302: gcc --version >&5
gcc (Debian 4.6.3-14+rpi1) 4.6.3
Copyright (C) 2011 Free Software Foundation, Inc.
This is free software; see the source for copying conditions.  There is NO
warranty; not even for MERCHANTABILITY or FITNESS FOR A PARTICULAR PURPOSE.

configure:3313: $? = 0
configure:3302: gcc -v >&5
Using built-in specs.
COLLECT_GCC=gcc
COLLECT_LTO_WRAPPER=/usr/lib/gcc/arm-linux-gnueabihf/4.6/lto-wrapper
Target: arm-linux-gnueabihf
Configured with: ../src/configure -v --with-pkgversion='Debian 4.6.3-14+rpi1' --with-bugurl=file:///usr/share/doc/gcc-4.6/README.Bugs --enable-languages=c,c++,fortran,objc,obj-c++ --prefix=/usr --program-suffix=-4.6 --enable-shared --enable-linker-build-id --with-system-zlib --libexecdir=/usr/lib --without-included-gettext --enable-threads=posix --with-gxx-include-dir=/usr/include/c++/4.6 --libdir=/usr/lib --enable-nls --with-sysroot=/ --enable-clocale=gnu --enable-libstdcxx-debug --enable-libstdcxx-time=yes --enable-gnu-unique-object --enable-plugin --enable-objc-gc --disable-sjlj-exceptions --with-arch=armv6 --with-fpu=vfp --with-float=hard --enable-checking=release --build=arm-linux-gnueabihf --host=arm-linux-gnueabihf --target=arm-linux-gnueabihf
Thread model: posix
gcc version 4.6.3 (Debian 4.6.3-14+rpi1) 
configure:3313: $? = 0
configure:3302: gcc -V >&5
gcc: error: unrecognized option '-V'
gcc: fatal error: no input files
compilation terminated.
configure:3313: $? = 4
configure:3302: gcc -qversion >&5
gcc: error: unrecognized option '-qversion'
gcc: fatal error: no input files
compilation terminated.
configure:3313: $? = 4
configure:3333: checking whether the C compiler works
configure:3355: gcc    conftest.c  >&5
configure:3359: $? = 0
configure:3407: result: yes
configure:3410: checking for C compiler default output file name
configure:3412: result: a.out
configure:3418: checking for suffix of executables
configure:3425: gcc -o conftest    conftest.c  >&5
configure:3429: $? = 0
configure:3451: result: 
configure:3473: checking whether we are cross compiling
configure:3481: gcc -o conftest    conftest.c  >&5
configure:3485: $? = 0
configure:3492: ./conftest
configure:3496: $? = 0
configure:3511: result: no
configure:3516: checking for suffix of object files
configure:3538: gcc -c   conftest.c >&5
configure:3542: $? = 0
configure:3563: result: o
configure:3567: checking whether we are using the GNU C compiler
configure:3586: gcc -c   conftest.c >&5
configure:3586: $? = 0
configure:3595: result: yes
configure:3604: checking whether gcc accepts -g
configure:3624: gcc -c -g  conftest.c >&5
configure:3624: $? = 0
configure:3665: result: yes
configure:3682: checking for gcc option to accept ISO C89
configure:3745: gcc  -c -g -O2  conftest.c >&5
configure:3745: $? = 0
configure:3758: result: none needed
configure:3783: checking whether gcc understands -c and -o together
configure:3805: gcc -c conftest.c -o conftest2.o
configure:3808: $? = 0
configure:3805: gcc -c conftest.c -o conftest2.o
configure:3808: $? = 0
configure:3820: result: yes
configure:3839: checking dependency style of gcc
configure:3950: result: gcc3
configure:3965: checking for a sed that does not truncate output
configure:4029: result: /bin/sed
configure:4047: checking for grep that handles long lines and -e
configure:4105: result: /bin/grep
configure:4110: checking for egrep
configure:4172: result: /bin/grep -E
configure:4177: checking for fgrep
configure:4239: result: /bin/grep -F
configure:4274: checking for ld used by gcc
configure:4341: result: /usr/bin/ld
configure:4348: checking if the linker (/usr/bin/ld) is GNU ld
configure:4363: result: yes
configure:4375: checking for BSD- or MS-compatible name lister (nm)
configure:4424: result: /usr/bin/nm -B
configure:4554: checking the name lister (/usr/bin/nm -B) interface
configure:4561: gcc -c -g -O2  conftest.c >&5
configure:4564: /usr/bin/nm -B "conftest.o"
configure:4567: output
00000000 B some_variable
configure:4574: result: BSD nm
configure:4577: checking whether ln -s works
configure:4581: result: yes
configure:4589: checking the maximum length of command line arguments
configure:4720: result: 1572864
configure:4737: checking whether the shell understands some XSI constructs
configure:4747: result: yes
configure:4751: checking whether the shell understands "+="
configure:4757: result: yes
configure:4792: checking how to convert armv7l-unknown-linux-gnueabihf file names to armv7l-unknown-linux-gnueabihf format
configure:4832: result: func_convert_file_noop
configure:4839: checking how to convert armv7l-unknown-linux-gnueabihf file names to toolchain format
configure:4859: result: func_convert_file_noop
configure:4866: checking for /usr/bin/ld option to reload object files
configure:4873: result: -r
configure:4947: checking for objdump
configure:4963: found /usr/bin/objdump
configure:4974: result: objdump
configure:5006: checking how to recognize dependent libraries
configure:5204: result: pass_all
configure:5289: checking for dlltool
configure:5319: result: no
configure:5349: checking how to associate runtime and link libraries
configure:5376: result: printf %s\n
configure:5437: checking for ar
configure:5453: found /usr/bin/ar
configure:5464: result: ar
configure:5501: checking for archiver @FILE support
configure:5518: gcc -c -g -O2  conftest.c >&5
configure:5518: $? = 0
configure:5521: ar cru libconftest.a @conftest.lst >&5
configure:5524: $? = 0
configure:5529: ar cru libconftest.a @conftest.lst >&5
ar: conftest.o: No such file or directory
configure:5532: $? = 1
configure:5544: result: @
configure:5602: checking for strip
configure:5618: found /usr/bin/strip
configure:5629: result: strip
configure:5701: checking for ranlib
configure:5717: found /usr/bin/ranlib
configure:5728: result: ranlib
configure:5830: checking command to parse /usr/bin/nm -B output from gcc object
configure:5950: gcc -c -g -O2  conftest.c >&5
configure:5953: $? = 0
configure:5957: /usr/bin/nm -B conftest.o \| sed -n -e 's/^.*[ ]\([ABCDGIRSTW][ABCDGIRSTW]*\)[ ][ ]*\([_A-Za-z][_A-Za-z0-9]*\)$/\1 \2 \2/p' | sed '/ __gnu_lto/d' \> conftest.nm
configure:5960: $? = 0
configure:6026: gcc -o conftest -g -O2   conftest.c conftstm.o >&5
configure:6029: $? = 0
configure:6067: result: ok
configure:6104: checking for sysroot
configure:6134: result: no
configure:6403: checking for mt
configure:6419: found /bin/mt
configure:6430: result: mt
configure:6453: checking if mt is a manifest tool
configure:6459: mt '-?'
configure:6467: result: no
configure:7109: checking how to run the C preprocessor
configure:7140: gcc -E  conftest.c
configure:7140: $? = 0
configure:7154: gcc -E  conftest.c
conftest.c:11:28: fatal error: ac_nonexistent.h: No such file or directory
compilation terminated.
configure:7154: $? = 1
configure: failed program was:
| /* confdefs.h */
| #define PACKAGE_NAME "Phidget21 C Library"
| #define PACKAGE_TARNAME "libphidget"
| #define PACKAGE_VERSION "2.1.8.20150410"
| #define PACKAGE_STRING "Phidget21 C Library 2.1.8.20150410"
| #define PACKAGE_BUGREPORT "support@phidgets.com"
| #define PACKAGE_URL "www.phidgets.com"
| #define PACKAGE "libphidget"
| #define VERSION "2.1.8.20150410"
| /* end confdefs.h.  */
| #include <ac_nonexistent.h>
configure:7179: result: gcc -E
configure:7199: gcc -E  conftest.c
configure:7199: $? = 0
configure:7213: gcc -E  conftest.c
conftest.c:11:28: fatal error: ac_nonexistent.h: No such file or directory
compilation terminated.
configure:7213: $? = 1
configure: failed program was:
| /* confdefs.h */
| #define PACKAGE_NAME "Phidget21 C Library"
| #define PACKAGE_TARNAME "libphidget"
| #define PACKAGE_VERSION "2.1.8.20150410"
| #define PACKAGE_STRING "Phidget21 C Library 2.1.8.20150410"
| #define PACKAGE_BUGREPORT "support@phidgets.com"
| #define PACKAGE_URL "www.phidgets.com"
| #define PACKAGE "libphidget"
| #define VERSION "2.1.8.20150410"
| /* end confdefs.h.  */
| #include <ac_nonexistent.h>
configure:7242: checking for ANSI C header files
configure:7262: gcc -c -g -O2  conftest.c >&5
configure:7262: $? = 0
configure:7335: gcc -o conftest -g -O2   conftest.c  >&5
configure:7335: $? = 0
configure:7335: ./conftest
configure:7335: $? = 0
configure:7346: result: yes
configure:7359: checking for sys/types.h
configure:7359: gcc -c -g -O2  conftest.c >&5
configure:7359: $? = 0
configure:7359: result: yes
configure:7359: checking for sys/stat.h
configure:7359: gcc -c -g -O2  conftest.c >&5
configure:7359: $? = 0
configure:7359: result: yes
configure:7359: checking for stdlib.h
configure:7359: gcc -c -g -O2  conftest.c >&5
configure:7359: $? = 0
configure:7359: result: yes
configure:7359: checking for string.h
configure:7359: gcc -c -g -O2  conftest.c >&5
configure:7359: $? = 0
configure:7359: result: yes
configure:7359: checking for memory.h
configure:7359: gcc -c -g -O2  conftest.c >&5
configure:7359: $? = 0
configure:7359: result: yes
configure:7359: checking for strings.h
configure:7359: gcc -c -g -O2  conftest.c >&5
configure:7359: $? = 0
configure:7359: result: yes
configure:7359: checking for inttypes.h
configure:7359: gcc -c -g -O2  conftest.c >&5
configure:7359: $? = 0
configure:7359: result: yes
configure:7359: checking for stdint.h
configure:7359: gcc -c -g -O2  conftest.c >&5
configure:7359: $? = 0
configure:7359: result: yes
configure:7359: checking for unistd.h
configure:7359: gcc -c -g -O2  conftest.c >&5
configure:7359: $? = 0
configure:7359: result: yes
configure:7373: checking for dlfcn.h
configure:7373: gcc -c -g -O2  conftest.c >&5
configure:7373: $? = 0
configure:7373: result: yes
configure:7579: checking for objdir
configure:7594: result: .libs
configure:7865: checking if gcc supports -fno-rtti -fno-exceptions
configure:7883: gcc -c -g -O2  -fno-rtti -fno-exceptions conftest.c >&5
cc1: warning: command line option '-fno-rtti' is valid for C++/ObjC++ but not for C [enabled by default]
configure:7887: $? = 0
configure:7900: result: no
configure:8227: checking for gcc option to produce PIC
configure:8234: result: -fPIC -DPIC
configure:8242: checking if gcc PIC flag -fPIC -DPIC works
configure:8260: gcc -c -g -O2  -fPIC -DPIC -DPIC conftest.c >&5
configure:8264: $? = 0
configure:8277: result: yes
configure:8306: checking if gcc static flag -static works
configure:8334: result: yes
configure:8349: checking if gcc supports -c -o file.o
configure:8370: gcc -c -g -O2  -o out/conftest2.o conftest.c >&5
configure:8374: $? = 0
configure:8396: result: yes
configure:8404: checking if gcc supports -c -o file.o
configure:8451: result: yes
configure:8484: checking whether the gcc linker (/usr/bin/ld) supports shared libraries
configure:9641: result: yes
configure:9678: checking whether -lc should be explicitly linked in
configure:9686: gcc -c -g -O2  conftest.c >&5
configure:9689: $? = 0
configure:9704: gcc -shared  -fPIC -DPIC conftest.o  -v -Wl,-soname -Wl,conftest -o conftest 2\>\&1 \| /bin/grep  -lc  \>/dev/null 2\>\&1
configure:9707: $? = 0
configure:9721: result: no
configure:9881: checking dynamic linker characteristics
configure:10381: gcc -o conftest -g -O2   -Wl,-rpath -Wl,/foo conftest.c  >&5
configure:10381: $? = 0
configure:10615: result: GNU/Linux ld.so
configure:10722: checking how to hardcode library paths into programs
configure:10747: result: immediate
configure:11287: checking whether stripping libraries is possible
configure:11292: result: yes
configure:11327: checking if libtool supports shared libraries
configure:11329: result: yes
configure:11332: checking whether to build shared libraries
configure:11353: result: yes
configure:11356: checking whether to build static libraries
configure:11360: result: yes
configure:11409: checking whether make supports nested variables
configure:11426: result: yes
configure:11490: checking for gcc
configure:11517: result: gcc
configure:11746: checking for C compiler version
configure:11755: gcc --version >&5
gcc (Debian 4.6.3-14+rpi1) 4.6.3
Copyright (C) 2011 Free Software Foundation, Inc.
This is free software; see the source for copying conditions.  There is NO
warranty; not even for MERCHANTABILITY or FITNESS FOR A PARTICULAR PURPOSE.

configure:11766: $? = 0
configure:11755: gcc -v >&5
Using built-in specs.
COLLECT_GCC=gcc
COLLECT_LTO_WRAPPER=/usr/lib/gcc/arm-linux-gnueabihf/4.6/lto-wrapper
Target: arm-linux-gnueabihf
Configured with: ../src/configure -v --with-pkgversion='Debian 4.6.3-14+rpi1' --with-bugurl=file:///usr/share/doc/gcc-4.6/README.Bugs --enable-languages=c,c++,fortran,objc,obj-c++ --prefix=/usr --program-suffix=-4.6 --enable-shared --enable-linker-build-id --with-system-zlib --libexecdir=/usr/lib --without-included-gettext --enable-threads=posix --with-gxx-include-dir=/usr/include/c++/4.6 --libdir=/usr/lib --enable-nls --with-sysroot=/ --enable-clocale=gnu --enable-libstdcxx-debug --enable-libstdcxx-time=yes --enable-gnu-unique-object --enable-plugin --enable-objc-gc --disable-sjlj-exceptions --with-arch=armv6 --with-fpu=vfp --with-float=hard --enable-checking=release --build=arm-linux-gnueabihf --host=arm-linux-gnueabihf --target=arm-linux-gnueabihf
Thread model: posix
gcc version 4.6.3 (Debian 4.6.3-14+rpi1) 
configure:11766: $? = 0
configure:11755: gcc -V >&5
gcc: error: unrecognized option '-V'
gcc: fatal error: no input files
compilation terminated.
configure:11766: $? = 4
configure:11755: gcc -qversion >&5
gcc: error: unrecognized option '-qversion'
gcc: fatal error: no input files
compilation terminated.
configure:11766: $? = 4
configure:11770: checking whether we are using the GNU C compiler
configure:11798: result: yes
configure:11807: checking whether gcc accepts -g
configure:11868: result: yes
configure:11885: checking for gcc option to accept ISO C89
configure:11961: result: none needed
configure:11986: checking whether gcc understands -c and -o together
configure:12023: result: yes
configure:12042: checking dependency style of gcc
configure:12153: result: gcc3
configure:12173: checking for ldconfig
configure:12191: found /sbin/ldconfig
configure:12204: result: /sbin/ldconfig
configure:12214: checking for library containing dlopen
configure:12245: gcc -o conftest -g -O2   conftest.c  >&5
/tmp/cc2w9hXi.o: In function `main':
/home/hivetool2/software/Phidgets/libphidget-2.1.8.20150410/conftest.c:34: undefined reference to `dlopen'
collect2: ld returned 1 exit status
configure:12245: $? = 1
configure: failed program was:
| /* confdefs.h */
| #define PACKAGE_NAME "Phidget21 C Library"
| #define PACKAGE_TARNAME "libphidget"
| #define PACKAGE_VERSION "2.1.8.20150410"
| #define PACKAGE_STRING "Phidget21 C Library 2.1.8.20150410"
| #define PACKAGE_BUGREPORT "support@phidgets.com"
| #define PACKAGE_URL "www.phidgets.com"
| #define PACKAGE "libphidget"
| #define VERSION "2.1.8.20150410"
| #define STDC_HEADERS 1
| #define HAVE_SYS_TYPES_H 1
| #define HAVE_SYS_STAT_H 1
| #define HAVE_STDLIB_H 1
| #define HAVE_STRING_H 1
| #define HAVE_MEMORY_H 1
| #define HAVE_STRINGS_H 1
| #define HAVE_INTTYPES_H 1
| #define HAVE_STDINT_H 1
| #define HAVE_UNISTD_H 1
| #define HAVE_DLFCN_H 1
| #define LT_OBJDIR ".libs/"
| /* end confdefs.h.  */
| 
| /* Override any GCC internal prototype to avoid an error.
|    Use char because int might match the return type of a GCC
|    builtin and then its argument prototype would still apply.  */
| #ifdef __cplusplus
| extern "C"
| #endif
| char dlopen ();
| int
| main ()
| {
| return dlopen ();
|   ;
|   return 0;
| }
configure:12245: gcc -o conftest -g -O2   conftest.c -ldl   >&5
configure:12245: $? = 0
configure:12262: result: -ldl
configure:12272: checking for library containing sqrt
configure:12303: gcc -o conftest -g -O2   conftest.c -ldl  >&5
conftest.c:30:6: warning: conflicting types for built-in function 'sqrt' [enabled by default]
/tmp/cceq6lVn.o: In function `main':
/home/hivetool2/software/Phidgets/libphidget-2.1.8.20150410/conftest.c:34: undefined reference to `sqrt'
collect2: ld returned 1 exit status
configure:12303: $? = 1
configure: failed program was:
| /* confdefs.h */
| #define PACKAGE_NAME "Phidget21 C Library"
| #define PACKAGE_TARNAME "libphidget"
| #define PACKAGE_VERSION "2.1.8.20150410"
| #define PACKAGE_STRING "Phidget21 C Library 2.1.8.20150410"
| #define PACKAGE_BUGREPORT "support@phidgets.com"
| #define PACKAGE_URL "www.phidgets.com"
| #define PACKAGE "libphidget"
| #define VERSION "2.1.8.20150410"
| #define STDC_HEADERS 1
| #define HAVE_SYS_TYPES_H 1
| #define HAVE_SYS_STAT_H 1
| #define HAVE_STDLIB_H 1
| #define HAVE_STRING_H 1
| #define HAVE_MEMORY_H 1
| #define HAVE_STRINGS_H 1
| #define HAVE_INTTYPES_H 1
| #define HAVE_STDINT_H 1
| #define HAVE_UNISTD_H 1
| #define HAVE_DLFCN_H 1
| #define LT_OBJDIR ".libs/"
| /* end confdefs.h.  */
| 
| /* Override any GCC internal prototype to avoid an error.
|    Use char because int might match the return type of a GCC
|    builtin and then its argument prototype would still apply.  */
| #ifdef __cplusplus
| extern "C"
| #endif
| char sqrt ();
| int
| main ()
| {
| return sqrt ();
|   ;
|   return 0;
| }
configure:12303: gcc -o conftest -g -O2   conftest.c -lm  -ldl  >&5
conftest.c:30:6: warning: conflicting types for built-in function 'sqrt' [enabled by default]
configure:12303: $? = 0
configure:12320: result: -lm
configure:12330: checking for library containing pthread_join
configure:12361: gcc -o conftest -g -O2   conftest.c -lm -ldl  >&5
/tmp/ccoYDW1T.o: In function `main':
/home/hivetool2/software/Phidgets/libphidget-2.1.8.20150410/conftest.c:34: undefined reference to `pthread_join'
collect2: ld returned 1 exit status
configure:12361: $? = 1
configure: failed program was:
| /* confdefs.h */
| #define PACKAGE_NAME "Phidget21 C Library"
| #define PACKAGE_TARNAME "libphidget"
| #define PACKAGE_VERSION "2.1.8.20150410"
| #define PACKAGE_STRING "Phidget21 C Library 2.1.8.20150410"
| #define PACKAGE_BUGREPORT "support@phidgets.com"
| #define PACKAGE_URL "www.phidgets.com"
| #define PACKAGE "libphidget"
| #define VERSION "2.1.8.20150410"
| #define STDC_HEADERS 1
| #define HAVE_SYS_TYPES_H 1
| #define HAVE_SYS_STAT_H 1
| #define HAVE_STDLIB_H 1
| #define HAVE_STRING_H 1
| #define HAVE_MEMORY_H 1
| #define HAVE_STRINGS_H 1
| #define HAVE_INTTYPES_H 1
| #define HAVE_STDINT_H 1
| #define HAVE_UNISTD_H 1
| #define HAVE_DLFCN_H 1
| #define LT_OBJDIR ".libs/"
| /* end confdefs.h.  */
| 
| /* Override any GCC internal prototype to avoid an error.
|    Use char because int might match the return type of a GCC
|    builtin and then its argument prototype would still apply.  */
| #ifdef __cplusplus
| extern "C"
| #endif
| char pthread_join ();
| int
| main ()
| {
| return pthread_join ();
|   ;
|   return 0;
| }
configure:12361: gcc -o conftest -g -O2   conftest.c -lpthread  -lm -ldl  >&5
configure:12361: $? = 0
configure:12378: result: -lpthread
configure:12390: checking for library containing iconv
configure:12421: gcc -o conftest -g -O2   conftest.c -lpthread -lm -ldl  >&5
configure:12421: $? = 0
configure:12438: result: none required
configure:12637: checking for library containing libusb_init
configure:12668: gcc -o conftest -g -O2   conftest.c -lpthread -lm -ldl  >&5
/tmp/ccM8yzcR.o: In function `main':
/home/hivetool2/software/Phidgets/libphidget-2.1.8.20150410/conftest.c:34: undefined reference to `libusb_init'
collect2: ld returned 1 exit status
configure:12668: $? = 1
configure: failed program was:
| /* confdefs.h */
| #define PACKAGE_NAME "Phidget21 C Library"
| #define PACKAGE_TARNAME "libphidget"
| #define PACKAGE_VERSION "2.1.8.20150410"
| #define PACKAGE_STRING "Phidget21 C Library 2.1.8.20150410"
| #define PACKAGE_BUGREPORT "support@phidgets.com"
| #define PACKAGE_URL "www.phidgets.com"
| #define PACKAGE "libphidget"
| #define VERSION "2.1.8.20150410"
| #define STDC_HEADERS 1
| #define HAVE_SYS_TYPES_H 1
| #define HAVE_SYS_STAT_H 1
| #define HAVE_STDLIB_H 1
| #define HAVE_STRING_H 1
| #define HAVE_MEMORY_H 1
| #define HAVE_STRINGS_H 1
| #define HAVE_INTTYPES_H 1
| #define HAVE_STDINT_H 1
| #define HAVE_UNISTD_H 1
| #define HAVE_DLFCN_H 1
| #define LT_OBJDIR ".libs/"
| /* end confdefs.h.  */
| 
| /* Override any GCC internal prototype to avoid an error.
|    Use char because int might match the return type of a GCC
|    builtin and then its argument prototype would still apply.  */
| #ifdef __cplusplus
| extern "C"
| #endif
| char libusb_init ();
| int
| main ()
| {
| return libusb_init ();
|   ;
|   return 0;
| }
configure:12668: gcc -o conftest -g -O2   conftest.c -lusb-1.0  -lpthread -lm -ldl  >&5
configure:12668: $? = 0
configure:12685: result: -lusb-1.0
configure:12997: checking that generated files are newer than configure
configure:13003: result: done
configure:13070: creating ./config.status

## ---------------------- ##
## Running config.status. ##
## ---------------------- ##

This file was extended by Phidget21 C Library config.status 2.1.8.20150410, which was
generated by GNU Autoconf 2.69.  Invocation command line was

  CONFIG_FILES    = 
  CONFIG_HEADERS  = 
  CONFIG_LINKS    = 
  CONFIG_COMMANDS = 
  $ ./config.status 

on pi

config.status:1027: creating Makefile
config.status:1027: creating examples/Makefile
config.status:1027: creating libphidget21.pc
config.status:1199: executing depfiles commands
config.status:1199: executing libtool commands

## ---------------- ##
## Cache variables. ##
## ---------------- ##

ac_cv_build=armv7l-unknown-linux-gnueabihf
ac_cv_c_compiler_gnu=yes
ac_cv_env_CC_set=
ac_cv_env_CC_value=
ac_cv_env_CFLAGS_set=
ac_cv_env_CFLAGS_value=
ac_cv_env_CPPFLAGS_set=
ac_cv_env_CPPFLAGS_value=
ac_cv_env_CPP_set=
ac_cv_env_CPP_value=
ac_cv_env_LDCONFIG_set=
ac_cv_env_LDCONFIG_value=
ac_cv_env_LDFLAGS_set=
ac_cv_env_LDFLAGS_value=
ac_cv_env_LIBS_set=
ac_cv_env_LIBS_value=
ac_cv_env_build_alias_set=
ac_cv_env_build_alias_value=
ac_cv_env_host_alias_set=
ac_cv_env_host_alias_value=
ac_cv_env_target_alias_set=
ac_cv_env_target_alias_value=
ac_cv_header_dlfcn_h=yes
ac_cv_header_inttypes_h=yes
ac_cv_header_memory_h=yes
ac_cv_header_stdc=yes
ac_cv_header_stdint_h=yes
ac_cv_header_stdlib_h=yes
ac_cv_header_string_h=yes
ac_cv_header_strings_h=yes
ac_cv_header_sys_stat_h=yes
ac_cv_header_sys_types_h=yes
ac_cv_header_unistd_h=yes
ac_cv_host=armv7l-unknown-linux-gnueabihf
ac_cv_objext=o
ac_cv_path_EGREP='/bin/grep -E'
ac_cv_path_FGREP='/bin/grep -F'
ac_cv_path_GREP=/bin/grep
ac_cv_path_LDCONFIG=/sbin/ldconfig
ac_cv_path_SED=/bin/sed
ac_cv_path_install='/usr/bin/install -c'
ac_cv_path_mkdir=/bin/mkdir
ac_cv_prog_AWK=mawk
ac_cv_prog_CPP='gcc -E'
ac_cv_prog_ac_ct_AR=ar
ac_cv_prog_ac_ct_CC=gcc
ac_cv_prog_ac_ct_MANIFEST_TOOL=mt
ac_cv_prog_ac_ct_OBJDUMP=objdump
ac_cv_prog_ac_ct_RANLIB=ranlib
ac_cv_prog_ac_ct_STRIP=strip
ac_cv_prog_cc_c89=
ac_cv_prog_cc_g=yes
ac_cv_prog_make_make_set=yes
ac_cv_search_dlopen=-ldl
ac_cv_search_iconv='none required'
ac_cv_search_libusb_init=-lusb-1.0
ac_cv_search_pthread_join=-lpthread
ac_cv_search_sqrt=-lm
am_cv_CC_dependencies_compiler_type=gcc3
am_cv_make_support_nested_variables=yes
am_cv_prog_cc_c_o=yes
lt_cv_ar_at_file=@
lt_cv_archive_cmds_need_lc=no
lt_cv_deplibs_check_method=pass_all
lt_cv_file_magic_cmd='$MAGIC_CMD'
lt_cv_file_magic_test_file=
lt_cv_ld_reload_flag=-r
lt_cv_nm_interface='BSD nm'
lt_cv_objdir=.libs
lt_cv_path_LD=/usr/bin/ld
lt_cv_path_NM='/usr/bin/nm -B'
lt_cv_path_mainfest_tool=no
lt_cv_prog_compiler_c_o=yes
lt_cv_prog_compiler_pic='-fPIC -DPIC'
lt_cv_prog_compiler_pic_works=yes
lt_cv_prog_compiler_rtti_exceptions=no
lt_cv_prog_compiler_static_works=yes
lt_cv_prog_gnu_ld=yes
lt_cv_sharedlib_from_linklib_cmd='printf %s\n'
lt_cv_shlibpath_overrides_runpath=no
lt_cv_sys_global_symbol_pipe='sed -n -e '\''s/^.*[	 ]\([ABCDGIRSTW][ABCDGIRSTW]*\)[	 ][	 ]*\([_A-Za-z][_A-Za-z0-9]*\)$/\1 \2 \2/p'\'' | sed '\''/ __gnu_lto/d'\'''
lt_cv_sys_global_symbol_to_c_name_address='sed -n -e '\''s/^: \([^ ]*\)[ ]*$/  {\"\1\", (void *) 0},/p'\'' -e '\''s/^[ABCDGIRSTW]* \([^ ]*\) \([^ ]*\)$/  {"\2", (void *) \&\2},/p'\'''
lt_cv_sys_global_symbol_to_c_name_address_lib_prefix='sed -n -e '\''s/^: \([^ ]*\)[ ]*$/  {\"\1\", (void *) 0},/p'\'' -e '\''s/^[ABCDGIRSTW]* \([^ ]*\) \(lib[^ ]*\)$/  {"\2", (void *) \&\2},/p'\'' -e '\''s/^[ABCDGIRSTW]* \([^ ]*\) \([^ ]*\)$/  {"lib\2", (void *) \&\2},/p'\'''
lt_cv_sys_global_symbol_to_cdecl='sed -n -e '\''s/^T .* \(.*\)$/extern int \1();/p'\'' -e '\''s/^[ABCDGIRSTW]* .* \(.*\)$/extern char \1;/p'\'''
lt_cv_sys_max_cmd_len=1572864
lt_cv_to_host_file_cmd=func_convert_file_noop
lt_cv_to_tool_file_cmd=func_convert_file_noop

## ----------------- ##
## Output variables. ##
## ----------------- ##

ACLOCAL='${SHELL} /home/hivetool2/software/Phidgets/libphidget-2.1.8.20150410/missing aclocal-1.14'
AMDEPBACKSLASH='\'
AMDEP_FALSE='#'
AMDEP_TRUE=''
AMTAR='$${TAR-tar}'
AM_BACKSLASH='\'
AM_DEFAULT_V='$(AM_DEFAULT_VERBOSITY)'
AM_DEFAULT_VERBOSITY='0'
AM_V='$(V)'
AR='ar'
AUTOCONF='${SHELL} /home/hivetool2/software/Phidgets/libphidget-2.1.8.20150410/missing autoconf'
AUTOHEADER='${SHELL} /home/hivetool2/software/Phidgets/libphidget-2.1.8.20150410/missing autoheader'
AUTOMAKE='${SHELL} /home/hivetool2/software/Phidgets/libphidget-2.1.8.20150410/missing automake-1.14'
AWK='mawk'
CC='gcc'
CCDEPMODE='depmode=gcc3'
CFLAGS='-g -O2'
CPP='gcc -E'
CPPFLAGS=''
CYGPATH_W='echo'
DEBUG_FALSE=''
DEBUG_TRUE='#'
DEFS='-DPACKAGE_NAME=\"Phidget21\ C\ Library\" -DPACKAGE_TARNAME=\"libphidget\" -DPACKAGE_VERSION=\"2.1.8.20150410\" -DPACKAGE_STRING=\"Phidget21\ C\ Library\ 2.1.8.20150410\" -DPACKAGE_BUGREPORT=\"support@phidgets.com\" -DPACKAGE_URL=\"www.phidgets.com\" -DPACKAGE=\"libphidget\" -DVERSION=\"2.1.8.20150410\" -DSTDC_HEADERS=1 -DHAVE_SYS_TYPES_H=1 -DHAVE_SYS_STAT_H=1 -DHAVE_STDLIB_H=1 -DHAVE_STRING_H=1 -DHAVE_MEMORY_H=1 -DHAVE_STRINGS_H=1 -DHAVE_INTTYPES_H=1 -DHAVE_STDINT_H=1 -DHAVE_UNISTD_H=1 -DHAVE_DLFCN_H=1 -DLT_OBJDIR=\".libs/\"'
DEPDIR='.deps'
DLLTOOL='false'
DSYMUTIL=''
DUMPBIN=''
ECHO_C=''
ECHO_N='-n'
ECHO_T=''
EGREP='/bin/grep -E'
EXEEXT=''
FGREP='/bin/grep -F'
GREP='/bin/grep'
INSTALL_DATA='${INSTALL} -m 644'
INSTALL_PROGRAM='${INSTALL}'
INSTALL_SCRIPT='${INSTALL}'
INSTALL_STRIP_PROGRAM='$(install_sh) -c -s'
INTERNAL_UNICONV_FALSE=''
INTERNAL_UNICONV_TRUE='#'
JNI_FALSE='#'
JNI_TRUE=''
LABVIEW_FALSE=''
LABVIEW_TRUE='#'
LD='/usr/bin/ld'
LDCONFIG='/sbin/ldconfig'
LDFLAGS=''
LIBOBJS=''
LIBS='-lusb-1.0 -lpthread -lm -ldl '
LIBTOOL='$(SHELL) $(top_builddir)/libtool'
LIPO=''
LN_S='ln -s'
LTLIBOBJS=''
MAKEINFO='${SHELL} /home/hivetool2/software/Phidgets/libphidget-2.1.8.20150410/missing makeinfo'
MANIFEST_TOOL=':'
MKDIR_P='/bin/mkdir -p'
NEW_LIBUSB_FALSE='#'
NEW_LIBUSB_TRUE=''
NM='/usr/bin/nm -B'
NMEDIT=''
OBJDUMP='objdump'
OBJEXT='o'
OTOOL64=''
OTOOL=''
PACKAGE='libphidget'
PACKAGE_BUGREPORT='support@phidgets.com'
PACKAGE_NAME='Phidget21 C Library'
PACKAGE_STRING='Phidget21 C Library 2.1.8.20150410'
PACKAGE_TARNAME='libphidget'
PACKAGE_URL='www.phidgets.com'
PACKAGE_VERSION='2.1.8.20150410'
PATH_SEPARATOR=':'
RANLIB='ranlib'
RUN_LDCONFIG_FALSE='#'
RUN_LDCONFIG_TRUE=''
SED='/bin/sed'
SET_MAKE=''
SHELL='/bin/bash'
STRIP='strip'
VERSION='2.1.8.20150410'
ZEROCONF_AVAHI_FALSE='#'
ZEROCONF_AVAHI_TRUE=''
ZEROCONF_BONJOUR_FALSE=''
ZEROCONF_BONJOUR_TRUE='#'
ZEROCONF_FALSE='#'
ZEROCONF_LOOKUP_FALSE=''
ZEROCONF_LOOKUP_TRUE='#'
ZEROCONF_TRUE=''
ac_ct_AR='ar'
ac_ct_CC='gcc'
ac_ct_DUMPBIN=''
am__EXEEXT_FALSE=''
am__EXEEXT_TRUE='#'
am__fastdepCC_FALSE='#'
am__fastdepCC_TRUE=''
am__include='include'
am__isrc=''
am__leading_dot='.'
am__nodep='_no'
am__quote=''
am__tar='$${TAR-tar} chof - "$$tardir"'
am__untar='$${TAR-tar} xf -'
bindir='${exec_prefix}/bin'
build='armv7l-unknown-linux-gnueabihf'
build_alias=''
build_cpu='armv7l'
build_os='linux-gnueabihf'
build_vendor='unknown'
datadir='${datarootdir}'
datarootdir='${prefix}/share'
docdir='${datarootdir}/doc/${PACKAGE_TARNAME}'
dvidir='${docdir}'
exec_prefix='${prefix}'
host='armv7l-unknown-linux-gnueabihf'
host_alias=''
host_cpu='armv7l'
host_os='linux-gnueabihf'
host_vendor='unknown'
htmldir='${docdir}'
includedir='${prefix}/include'
infodir='${datarootdir}/info'
install_sh='${SHELL} /home/hivetool2/software/Phidgets/libphidget-2.1.8.20150410/install-sh'
libdir='${exec_prefix}/lib'
libexecdir='${exec_prefix}/libexec'
localedir='${datarootdir}/locale'
localstatedir='${prefix}/var'
mandir='${datarootdir}/man'
mkdir_p='$(MKDIR_P)'
oldincludedir='/usr/include'
pdfdir='${docdir}'
prefix='/usr'
program_transform_name='s,x,x,'
psdir='${docdir}'
sbindir='${exec_prefix}/sbin'
sharedstatedir='${prefix}/com'
sysconfdir='${prefix}/etc'
target_alias=''

## ----------- ##
## confdefs.h. ##
## ----------- ##

/* confdefs.h */
#define PACKAGE_NAME "Phidget21 C Library"
#define PACKAGE_TARNAME "libphidget"
#define PACKAGE_VERSION "2.1.8.20150410"
#define PACKAGE_STRING "Phidget21 C Library 2.1.8.20150410"
#define PACKAGE_BUGREPORT "support@phidgets.com"
#define PACKAGE_URL "www.phidgets.com"
#define PACKAGE "libphidget"
#define VERSION "2.1.8.20150410"
#define STDC_HEADERS 1
#define HAVE_SYS_TYPES_H 1
#define HAVE_SYS_STAT_H 1
#define HAVE_STDLIB_H 1
#define HAVE_STRING_H 1
#define HAVE_MEMORY_H 1
#define HAVE_STRINGS_H 1
#define HAVE_INTTYPES_H 1
#define HAVE_STDINT_H 1
#define HAVE_UNISTD_H 1
#define HAVE_DLFCN_H 1
#define LT_OBJDIR ".libs/"

configure: exit 0
